Determining if the pthread_create exist failed with the following output:
Change Dir: /home/ypc/xiaoc/code/slam_tool_practice/pcl_practice/ReadPointsFromPCD/build/CMakeFiles/CMakeTmp

Run Build Command:"/usr/bin/make" "cmTC_aaa0b/fast"
/usr/bin/make -f CMakeFiles/cmTC_aaa0b.dir/build.make CMakeFiles/cmTC_aaa0b.dir/build
make[1]: Entering directory '/home/ypc/xiaoc/code/slam_tool_practice/pcl_practice/ReadPointsFromPCD/build/CMakeFiles/CMakeTmp'
Building C object CMakeFiles/cmTC_aaa0b.dir/CheckSymbolExists.c.o
/usr/bin/cc     -o CMakeFiles/cmTC_aaa0b.dir/CheckSymbolExists.c.o   -c /home/ypc/xiaoc/code/slam_tool_practice/pcl_practice/ReadPointsFromPCD/build/CMakeFiles/CMakeTmp/CheckSymbolExists.c
Linking C executable cmTC_aaa0b
/usr/bin/cmake -E cmake_link_script CMakeFiles/cmTC_aaa0b.dir/link.txt --verbose=1
/usr/bin/cc       CMakeFiles/cmTC_aaa0b.dir/CheckSymbolExists.c.o  -o cmTC_aaa0b -rdynamic 
CMakeFiles/cmTC_aaa0b.dir/CheckSymbolExists.c.o：在函数‘main’中：
CheckSymbolExists.c:(.text+0x16)：对‘pthread_create’未定义的引用
collect2: error: ld returned 1 exit status
CMakeFiles/cmTC_aaa0b.dir/build.make:97: recipe for target 'cmTC_aaa0b' failed
make[1]: *** [cmTC_aaa0b] Error 1
make[1]: Leaving directory '/home/ypc/xiaoc/code/slam_tool_practice/pcl_practice/ReadPointsFromPCD/build/CMakeFiles/CMakeTmp'
Makefile:126: recipe for target 'cmTC_aaa0b/fast' failed
make: *** [cmTC_aaa0b/fast] Error 2

File /home/ypc/xiaoc/code/slam_tool_practice/pcl_practice/ReadPointsFromPCD/build/CMakeFiles/CMakeTmp/CheckSymbolExists.c:
/* */
#include <pthread.h>

int main(int argc, char** argv)
{
  (void)argv;
#ifndef pthread_create
  return ((int*)(&pthread_create))[argc];
#else
  (void)argc;
  return 0;
#endif
}

Determining if the function pthread_create exists in the pthreads failed with the following output:
Change Dir: /home/ypc/xiaoc/code/slam_tool_practice/pcl_practice/ReadPointsFromPCD/build/CMakeFiles/CMakeTmp

Run Build Command:"/usr/bin/make" "cmTC_db84e/fast"
/usr/bin/make -f CMakeFiles/cmTC_db84e.dir/build.make CMakeFiles/cmTC_db84e.dir/build
make[1]: Entering directory '/home/ypc/xiaoc/code/slam_tool_practice/pcl_practice/ReadPointsFromPCD/build/CMakeFiles/CMakeTmp'
Building C object CMakeFiles/cmTC_db84e.dir/CheckFunctionExists.c.o
/usr/bin/cc    -DCHECK_FUNCTION_EXISTS=pthread_create   -o CMakeFiles/cmTC_db84e.dir/CheckFunctionExists.c.o   -c /usr/share/cmake-3.5/Modules/CheckFunctionExists.c
Linking C executable cmTC_db84e
/usr/bin/cmake -E cmake_link_script CMakeFiles/cmTC_db84e.dir/link.txt --verbose=1
/usr/bin/cc   -DCHECK_FUNCTION_EXISTS=pthread_create    CMakeFiles/cmTC_db84e.dir/CheckFunctionExists.c.o  -o cmTC_db84e -rdynamic -lpthreads 
/usr/bin/ld: 找不到 -lpthreads
collect2: error: ld returned 1 exit status
CMakeFiles/cmTC_db84e.dir/build.make:97: recipe for target 'cmTC_db84e' failed
make[1]: *** [cmTC_db84e] Error 1
make[1]: Leaving directory '/home/ypc/xiaoc/code/slam_tool_practice/pcl_practice/ReadPointsFromPCD/build/CMakeFiles/CMakeTmp'
Makefile:126: recipe for target 'cmTC_db84e/fast' failed
make: *** [cmTC_db84e/fast] Error 2


