Determining if the pthread_create exist failed with the following output:
Change Dir: /home/ypc/xiaoc/code/slam_tool_practice/pcl_practice/ReadPointsFromPly/build/CMakeFiles/CMakeTmp

Run Build Command:"/usr/bin/make" "cmTC_e9139/fast"
/usr/bin/make -f CMakeFiles/cmTC_e9139.dir/build.make CMakeFiles/cmTC_e9139.dir/build
make[1]: Entering directory '/home/ypc/xiaoc/code/slam_tool_practice/pcl_practice/ReadPointsFromPly/build/CMakeFiles/CMakeTmp'
Building C object CMakeFiles/cmTC_e9139.dir/CheckSymbolExists.c.o
/usr/bin/cc    -o CMakeFiles/cmTC_e9139.dir/CheckSymbolExists.c.o   -c /home/ypc/xiaoc/code/slam_tool_practice/pcl_practice/ReadPointsFromPly/build/CMakeFiles/CMakeTmp/CheckSymbolExists.c
Linking C executable cmTC_e9139
/usr/local/bin/cmake -E cmake_link_script CMakeFiles/cmTC_e9139.dir/link.txt --verbose=1
/usr/bin/cc      -rdynamic CMakeFiles/cmTC_e9139.dir/CheckSymbolExists.c.o  -o cmTC_e9139 
CMakeFiles/cmTC_e9139.dir/CheckSymbolExists.c.o：在函数‘main’中：
CheckSymbolExists.c:(.text+0x16)：对‘pthread_create’未定义的引用
collect2: error: ld returned 1 exit status
CMakeFiles/cmTC_e9139.dir/build.make:97: recipe for target 'cmTC_e9139' failed
make[1]: *** [cmTC_e9139] Error 1
make[1]: Leaving directory '/home/ypc/xiaoc/code/slam_tool_practice/pcl_practice/ReadPointsFromPly/build/CMakeFiles/CMakeTmp'
Makefile:126: recipe for target 'cmTC_e9139/fast' failed
make: *** [cmTC_e9139/fast] Error 2

File /home/ypc/xiaoc/code/slam_tool_practice/pcl_practice/ReadPointsFromPly/build/CMakeFiles/CMakeTmp/CheckSymbolExists.c:
/* */
#include <pthread.h>

int main(int argc, char** argv)
{
  (void)argv;
#ifndef pthread_create
  return ((int*)(&pthread_create))[argc];
#else
  (void)argc;
  return 0;
#endif
}

Determining if the function pthread_create exists in the pthreads failed with the following output:
Change Dir: /home/ypc/xiaoc/code/slam_tool_practice/pcl_practice/ReadPointsFromPly/build/CMakeFiles/CMakeTmp

Run Build Command:"/usr/bin/make" "cmTC_ddaf6/fast"
/usr/bin/make -f CMakeFiles/cmTC_ddaf6.dir/build.make CMakeFiles/cmTC_ddaf6.dir/build
make[1]: Entering directory '/home/ypc/xiaoc/code/slam_tool_practice/pcl_practice/ReadPointsFromPly/build/CMakeFiles/CMakeTmp'
Building C object CMakeFiles/cmTC_ddaf6.dir/CheckFunctionExists.c.o
/usr/bin/cc   -DCHECK_FUNCTION_EXISTS=pthread_create   -o CMakeFiles/cmTC_ddaf6.dir/CheckFunctionExists.c.o   -c /usr/local/share/cmake-3.9/Modules/CheckFunctionExists.c
Linking C executable cmTC_ddaf6
/usr/local/bin/cmake -E cmake_link_script CMakeFiles/cmTC_ddaf6.dir/link.txt --verbose=1
/usr/bin/cc  -DCHECK_FUNCTION_EXISTS=pthread_create    -rdynamic CMakeFiles/cmTC_ddaf6.dir/CheckFunctionExists.c.o  -o cmTC_ddaf6 -lpthreads 
/usr/bin/ld: 找不到 -lpthreads
collect2: error: ld returned 1 exit status
CMakeFiles/cmTC_ddaf6.dir/build.make:97: recipe for target 'cmTC_ddaf6' failed
make[1]: *** [cmTC_ddaf6] Error 1
make[1]: Leaving directory '/home/ypc/xiaoc/code/slam_tool_practice/pcl_practice/ReadPointsFromPly/build/CMakeFiles/CMakeTmp'
Makefile:126: recipe for target 'cmTC_ddaf6/fast' failed
make: *** [cmTC_ddaf6/fast] Error 2


